ColumnMapper.tsx:152 About to call completeStep(2)
overrideMethod @ hook.js:608
onSubmit @ ColumnMapper.tsx:152
(anonymous) @ createFormControl.ts:1254Understand this warning
ColumnMapper.tsx:154 About to call nextStep()
overrideMethod @ hook.js:608
onSubmit @ ColumnMapper.tsx:154
(anonymous) @ createFormControl.ts:1254Understand this warning
formStore.ts:28 nextStep called! Current step: 2
overrideMethod @ hook.js:608
nextStep @ formStore.ts:28
onSubmit @ ColumnMapper.tsx:155
(anonymous) @ createFormControl.ts:1254Understand this warning
ColumnMapper.tsx:156 onSubmit finished
overrideMethod @ hook.js:608
onSubmit @ ColumnMapper.tsx:156
(anonymous) @ createFormControl.ts:1254Understand this warning
EthnicityGrid.tsx:75 hasEthnicityColumn changed to: false
overrideMethod @ hook.js:608
EthnicityGrid.useEffect @ EthnicityGrid.tsx:75
react-stack-bottom-frame @ react-dom-client.development.js:23054
runWithFiberInDEV @ react-dom-client.development.js:844
commitHookEffectListMount @ react-dom-client.development.js:11977
commitHookPassiveMountEffects @ react-dom-client.development.js:12098
commitPassiveMountOnFiber @ react-dom-client.development.js:13928
recursivelyTraversePassiveMountEffects @ react-dom-client.development.js:13901
commitPassiveMountOnFiber @ react-dom-client.development.js:14047
recursivelyTraversePassiveMountEffects @ react-dom-client.development.js:13901
commitPassiveMountOnFiber @ react-dom-client.development.js:13921
recursivelyTraversePassiveMountEffects @ react-dom-client.development.js:13901
commitPassiveMountOnFiber @ react-dom-client.development.js:14047
recursivelyTraversePassiveMountEffects @ react-dom-client.development.js:13901
commitPassiveMountOnFiber @ react-dom-client.development.js:14047
recursivelyTraversePassiveMountEffects @ react-dom-client.development.js:13901
commitPassiveMountOnFiber @ react-dom-client.development.js:13921
recursivelyTraversePassiveMountEffects @ react-dom-client.development.js:13901
commitPassiveMountOnFiber @ react-dom-client.development.js:13921
recursivelyTraversePassiveMountEffects @ react-dom-client.development.js:13901
commitPassiveMountOnFiber @ react-dom-client.development.js:13921
recursivelyTraversePassiveMountEffects @ react-dom-client.development.js:13901
commitPassiveMountOnFiber @ react-dom-client.development.js:14047
recursivelyTraversePassiveMountEffects @ react-dom-client.development.js:13901
commitPassiveMountOnFiber @ react-dom-client.development.js:14047
recursivelyTraversePassiveMountEffects @ react-dom-client.development.js:13901
commitPassiveMountOnFiber @ react-dom-client.development.js:13921
recursivelyTraversePassiveMountEffects @ react-dom-client.development.js:13901
commitPassiveMountOnFiber @ react-dom-client.development.js:13931
recursivelyTraversePassiveMountEffects @ react-dom-client.development.js:13901
commitPassiveMountOnFiber @ react-dom-client.development.js:13921
recursivelyTraversePassiveMountEffects @ react-dom-client.development.js:13901
commitPassiveMountOnFiber @ react-dom-client.development.js:13931
recursivelyTraversePassiveMountEffects @ react-dom-client.development.js:13901
commitPassiveMountOnFiber @ react-dom-client.development.js:13921
recursivelyTraversePassiveMountEffects @ react-dom-client.development.js:13901
commitPassiveMountOnFiber @ react-dom-client.development.js:13921
recursivelyTraversePassiveMountEffects @ react-dom-client.development.js:13901
commitPassiveMountOnFiber @ react-dom-client.development.js:13921
recursivelyTraversePassiveMountEffects @ react-dom-client.development.js:13901
commitPassiveMountOnFiber @ react-dom-client.development.js:13931
recursivelyTraversePassiveMountEffects @ react-dom-client.development.js:13901
commitPassiveMountOnFiber @ react-dom-client.development.js:13921
recursivelyTraversePassiveMountEffects @ react-dom-client.development.js:13901
commitPassiveMountOnFiber @ react-dom-client.development.js:13921
recursivelyTraversePassiveMountEffects @ react-dom-client.development.js:13901
commitPassiveMountOnFiber @ react-dom-client.development.js:14047
recursivelyTraversePassiveMountEffects @ react-dom-client.development.js:13901
commitPassiveMountOnFiber @ react-dom-client.development.js:13921
recursivelyTraversePassiveMountEffects @ react-dom-client.development.js:13901
commitPassiveMountOnFiber @ react-dom-client.development.js:14047
recursivelyTraversePassiveMountEffects @ react-dom-client.development.js:13901
commitPassiveMountOnFiber @ react-dom-client.development.js:13921
recursivelyTraversePassiveMountEffects @ react-dom-client.development.js:13901
commitPassiveMountOnFiber @ react-dom-client.development.js:13921
recursivelyTraversePassiveMountEffects @ react-dom-client.development.js:13901
commitPassiveMountOnFiber @ react-dom-client.development.js:14047
recursivelyTraversePassiveMountEffects @ react-dom-client.development.js:13901
commitPassiveMountOnFiber @ react-dom-client.development.js:14047
recursivelyTraversePassiveMountEffects @ react-dom-client.development.js:13901
commitPassiveMountOnFiber @ react-dom-client.development.js:14047
recursivelyTraversePassiveMountEffects @ react-dom-client.development.js:13901
commitPassiveMountOnFiber @ react-dom-client.development.js:13931
recursivelyTraversePassiveMountEffects @ react-dom-client.development.js:13901
commitPassiveMountOnFiber @ react-dom-client.development.js:13921
recursivelyTraversePassiveMountEffects @ react-dom-client.development.js:13901
commitPassiveMountOnFiber @ react-dom-client.development.js:13931
recursivelyTraversePassiveMountEffects @ react-dom-client.development.js:13901
commitPassiveMountOnFiber @ react-dom-client.development.js:13921
recursivelyTraversePassiveMountEffects @ react-dom-client.development.js:13901
commitPassiveMountOnFiber @ react-dom-client.development.js:13921
recursivelyTraversePassiveMountEffects @ react-dom-client.development.js:13901
commitPassiveMountOnFiber @ react-dom-client.development.js:13931
recursivelyTraversePassiveMountEffects @ react-dom-client.development.js:13901
commitPassiveMountOnFiber @ react-dom-client.development.js:13921
recursivelyTraversePassiveMountEffects @ react-dom-client.development.js:13901
commitPassiveMountOnFiber @ react-dom-client.development.js:13921
recursivelyTraversePassiveMountEffects @ react-dom-client.development.js:13901
commitPassiveMountOnFiber @ react-dom-client.development.js:14047
recursivelyTraversePassiveMountEffects @ react-dom-client.development.js:13901
commitPassiveMountOnFiber @ react-dom-client.development.js:14047
recursivelyTraversePassiveMountEffects @ react-dom-client.development.js:13901
commitPassiveMountOnFiber @ react-dom-client.development.js:14047
recursivelyTraversePassiveMountEffects @ react-dom-client.development.js:13901
commitPassiveMountOnFiber @ react-dom-client.development.js:14047
recursivelyTraversePassiveMountEffects @ react-dom-client.development.js:13901
commitPassiveMountOnFiber @ react-dom-client.development.js:14047
recursivelyTraversePassiveMountEffects @ react-dom-client.development.js:13901
commitPassiveMountOnFiber @ react-dom-client.development.js:14047
recursivelyTraversePassiveMountEffects @ react-dom-client.development.js:13901
commitPassiveMountOnFiber @ react-dom-client.development.js:13921
recursivelyTraversePassiveMountEffects @ react-dom-client.development.js:13901
commitPassiveMountOnFiber @ react-dom-client.development.js:13931
recursivelyTraversePassiveMountEffects @ react-dom-client.development.js:13901
commitPassiveMountOnFiber @ react-dom-client.development.js:13921
recursivelyTraversePassiveMountEffects @ react-dom-client.development.js:13901
commitPassiveMountOnFiber @ react-dom-client.development.js:13921
recursivelyTraversePassiveMountEffects @ react-dom-client.development.js:13901
commitPassiveMountOnFiber @ react-dom-client.development.js:14047
recursivelyTraversePassiveMountEffects @ react-dom-client.development.js:13901
commitPassiveMountOnFiber @ react-dom-client.development.js:13921
recursivelyTraversePassiveMountEffects @ react-dom-client.development.js:13901
commitPassiveMountOnFiber @ react-dom-client.development.js:13921
recursivelyTraversePassiveMountEffects @ react-dom-client.development.js:13901
commitPassiveMountOnFiber @ react-dom-client.development.js:14047
recursivelyTraversePassiveMountEffects @ react-dom-client.development.js:13901
commitPassiveMountOnFiber @ react-dom-client.development.js:14047
recursivelyTraversePassiveMountEffects @ react-dom-client.development.js:13901
commitPassiveMountOnFiber @ react-dom-client.development.js:13940
flushPassiveEffects @ react-dom-client.development.js:15868
flushPendingEffects @ react-dom-client.development.js:15829
flushSpawnedWork @ react-dom-client.development.js:15795
commitRoot @ react-dom-client.development.js:15528
commitRootWhenReady @ react-dom-client.development.js:14758
performWorkOnRoot @ react-dom-client.development.js:14681
performSyncWorkOnRoot @ react-dom-client.development.js:16364
flushSyncWorkAcrossRoots_impl @ react-dom-client.development.js:16210
processRootScheduleInMicrotask @ react-dom-client.development.js:16249
(anonymous) @ react-dom-client.development.js:16383
<EthnicityGrid>
exports.jsxDEV @ react-jsx-dev-runtime.development.js:346
renderStep @ MultiStepForm.tsx:20
MultiStepForm @ MultiStepForm.tsx:44
react-stack-bottom-frame @ react-dom-client.development.js:22973
renderWithHooksAgain @ react-dom-client.development.js:6766
renderWithHooks @ react-dom-client.development.js:6678
updateFunctionComponent @ react-dom-client.development.js:8930
beginWork @ react-dom-client.development.js:10555
runWithFiberInDEV @ react-dom-client.development.js:844
performUnitOfWork @ react-dom-client.development.js:15257
workLoopSync @ react-dom-client.development.js:15077
renderRootSync @ react-dom-client.development.js:15057
performWorkOnRoot @ react-dom-client.development.js:14525
performSyncWorkOnRoot @ react-dom-client.development.js:16364
flushSyncWorkAcrossRoots_impl @ react-dom-client.development.js:16210
processRootScheduleInMicrotask @ react-dom-client.development.js:16249
(anonymous) @ react-dom-client.development.js:16383Understand this warning
EthnicityGrid.tsx:77 no ethnicity column, completing step 3
overrideMethod @ hook.js:608
EthnicityGrid.useEffect @ EthnicityGrid.tsx:77
react-stack-bottom-frame @ react-dom-client.development.js:23054
runWithFiberInDEV @ react-dom-client.development.js:844
commitHookEffectListMount @ react-dom-client.development.js:11977
commitHookPassiveMountEffects @ react-dom-client.development.js:12098
commitPassiveMountOnFiber @ react-dom-client.development.js:13928
recursivelyTraversePassiveMountEffects @ react-dom-client.development.js:13901
commitPassiveMountOnFiber @ react-dom-client.development.js:14047
recursivelyTraversePassiveMountEffects @ react-dom-client.development.js:13901
commitPassiveMountOnFiber @ react-dom-client.development.js:13921
recursivelyTraversePassiveMountEffects @ react-dom-client.development.js:13901
commitPassiveMountOnFiber @ react-dom-client.development.js:14047
recursivelyTraversePassiveMountEffects @ react-dom-client.development.js:13901
commitPassiveMountOnFiber @ react-dom-client.development.js:14047
recursivelyTraversePassiveMountEffects @ react-dom-client.development.js:13901
commitPassiveMountOnFiber @ react-dom-client.development.js:13921
recursivelyTraversePassiveMountEffects @ react-dom-client.development.js:13901
commitPassiveMountOnFiber @ react-dom-client.development.js:13921
recursivelyTraversePassiveMountEffects @ react-dom-client.development.js:13901
commitPassiveMountOnFiber @ react-dom-client.development.js:13921
recursivelyTraversePassiveMountEffects @ react-dom-client.development.js:13901
commitPassiveMountOnFiber @ react-dom-client.development.js:14047
recursivelyTraversePassiveMountEffects @ react-dom-client.development.js:13901
commitPassiveMountOnFiber @ react-dom-client.development.js:14047
recursivelyTraversePassiveMountEffects @ react-dom-client.development.js:13901
commitPassiveMountOnFiber @ react-dom-client.development.js:13921
recursivelyTraversePassiveMountEffects @ react-dom-client.development.js:13901
commitPassiveMountOnFiber @ react-dom-client.development.js:13931
recursivelyTraversePassiveMountEffects @ react-dom-client.development.js:13901
commitPassiveMountOnFiber @ react-dom-client.development.js:13921
recursivelyTraversePassiveMountEffects @ react-dom-client.development.js:13901
commitPassiveMountOnFiber @ react-dom-client.development.js:13931
recursivelyTraversePassiveMountEffects @ react-dom-client.development.js:13901
commitPassiveMountOnFiber @ react-dom-client.development.js:13921
recursivelyTraversePassiveMountEffects @ react-dom-client.development.js:13901
commitPassiveMountOnFiber @ react-dom-client.development.js:13921
recursivelyTraversePassiveMountEffects @ react-dom-client.development.js:13901
commitPassiveMountOnFiber @ react-dom-client.development.js:13921
recursivelyTraversePassiveMountEffects @ react-dom-client.development.js:13901
commitPassiveMountOnFiber @ react-dom-client.development.js:13931
recursivelyTraversePassiveMountEffects @ react-dom-client.development.js:13901
commitPassiveMountOnFiber @ react-dom-client.development.js:13921
recursivelyTraversePassiveMountEffects @ react-dom-client.development.js:13901
commitPassiveMountOnFiber @ react-dom-client.development.js:13921
recursivelyTraversePassiveMountEffects @ react-dom-client.development.js:13901
commitPassiveMountOnFiber @ react-dom-client.development.js:14047
recursivelyTraversePassiveMountEffects @ react-dom-client.development.js:13901
commitPassiveMountOnFiber @ react-dom-client.development.js:13921
recursivelyTraversePassiveMountEffects @ react-dom-client.development.js:13901
commitPassiveMountOnFiber @ react-dom-client.development.js:14047
recursivelyTraversePassiveMountEffects @ react-dom-client.development.js:13901
commitPassiveMountOnFiber @ react-dom-client.development.js:13921
recursivelyTraversePassiveMountEffects @ react-dom-client.development.js:13901
commitPassiveMountOnFiber @ react-dom-client.development.js:13921
recursivelyTraversePassiveMountEffects @ react-dom-client.development.js:13901
commitPassiveMountOnFiber @ react-dom-client.development.js:14047
recursivelyTraversePassiveMountEffects @ react-dom-client.development.js:13901
commitPassiveMountOnFiber @ react-dom-client.development.js:14047
recursivelyTraversePassiveMountEffects @ react-dom-client.development.js:13901
commitPassiveMountOnFiber @ react-dom-client.development.js:14047
recursivelyTraversePassiveMountEffects @ react-dom-client.development.js:13901
commitPassiveMountOnFiber @ react-dom-client.development.js:13931
recursivelyTraversePassiveMountEffects @ react-dom-client.development.js:13901
commitPassiveMountOnFiber @ react-dom-client.development.js:13921
recursivelyTraversePassiveMountEffects @ react-dom-client.development.js:13901
commitPassiveMountOnFiber @ react-dom-client.development.js:13931
recursivelyTraversePassiveMountEffects @ react-dom-client.development.js:13901
commitPassiveMountOnFiber @ react-dom-client.development.js:13921
recursivelyTraversePassiveMountEffects @ react-dom-client.development.js:13901
commitPassiveMountOnFiber @ react-dom-client.development.js:13921
recursivelyTraversePassiveMountEffects @ react-dom-client.development.js:13901
commitPassiveMountOnFiber @ react-dom-client.development.js:13931
recursivelyTraversePassiveMountEffects @ react-dom-client.development.js:13901
commitPassiveMountOnFiber @ react-dom-client.development.js:13921
recursivelyTraversePassiveMountEffects @ react-dom-client.development.js:13901
commitPassiveMountOnFiber @ react-dom-client.development.js:13921
recursivelyTraversePassiveMountEffects @ react-dom-client.development.js:13901
commitPassiveMountOnFiber @ react-dom-client.development.js:14047
recursivelyTraversePassiveMountEffects @ react-dom-client.development.js:13901
commitPassiveMountOnFiber @ react-dom-client.development.js:14047
recursivelyTraversePassiveMountEffects @ react-dom-client.development.js:13901
commitPassiveMountOnFiber @ react-dom-client.development.js:14047
recursivelyTraversePassiveMountEffects @ react-dom-client.development.js:13901
commitPassiveMountOnFiber @ react-dom-client.development.js:14047
recursivelyTraversePassiveMountEffects @ react-dom-client.development.js:13901
commitPassiveMountOnFiber @ react-dom-client.development.js:14047
recursivelyTraversePassiveMountEffects @ react-dom-client.development.js:13901
commitPassiveMountOnFiber @ react-dom-client.development.js:14047
recursivelyTraversePassiveMountEffects @ react-dom-client.development.js:13901
commitPassiveMountOnFiber @ react-dom-client.development.js:13921
recursivelyTraversePassiveMountEffects @ react-dom-client.development.js:13901
commitPassiveMountOnFiber @ react-dom-client.development.js:13931
recursivelyTraversePassiveMountEffects @ react-dom-client.development.js:13901
commitPassiveMountOnFiber @ react-dom-client.development.js:13921
recursivelyTraversePassiveMountEffects @ react-dom-client.development.js:13901
commitPassiveMountOnFiber @ react-dom-client.development.js:13921
recursivelyTraversePassiveMountEffects @ react-dom-client.development.js:13901
commitPassiveMountOnFiber @ react-dom-client.development.js:14047
recursivelyTraversePassiveMountEffects @ react-dom-client.development.js:13901
commitPassiveMountOnFiber @ react-dom-client.development.js:13921
recursivelyTraversePassiveMountEffects @ react-dom-client.development.js:13901
commitPassiveMountOnFiber @ react-dom-client.development.js:13921
recursivelyTraversePassiveMountEffects @ react-dom-client.development.js:13901
commitPassiveMountOnFiber @ react-dom-client.development.js:14047
recursivelyTraversePassiveMountEffects @ react-dom-client.development.js:13901
commitPassiveMountOnFiber @ react-dom-client.development.js:14047
recursivelyTraversePassiveMountEffects @ react-dom-client.development.js:13901
commitPassiveMountOnFiber @ react-dom-client.development.js:13940
flushPassiveEffects @ react-dom-client.development.js:15868
flushPendingEffects @ react-dom-client.development.js:15829
flushSpawnedWork @ react-dom-client.development.js:15795
commitRoot @ react-dom-client.development.js:15528
commitRootWhenReady @ react-dom-client.development.js:14758
performWorkOnRoot @ react-dom-client.development.js:14681
performSyncWorkOnRoot @ react-dom-client.development.js:16364
flushSyncWorkAcrossRoots_impl @ react-dom-client.development.js:16210
processRootScheduleInMicrotask @ react-dom-client.development.js:16249
(anonymous) @ react-dom-client.development.js:16383
<EthnicityGrid>
exports.jsxDEV @ react-jsx-dev-runtime.development.js:346
renderStep @ MultiStepForm.tsx:20
MultiStepForm @ MultiStepForm.tsx:44
react-stack-bottom-frame @ react-dom-client.development.js:22973
renderWithHooksAgain @ react-dom-client.development.js:6766
renderWithHooks @ react-dom-client.development.js:6678
updateFunctionComponent @ react-dom-client.development.js:8930
beginWork @ react-dom-client.development.js:10555
runWithFiberInDEV @ react-dom-client.development.js:844
performUnitOfWork @ react-dom-client.development.js:15257
workLoopSync @ react-dom-client.development.js:15077
renderRootSync @ react-dom-client.development.js:15057
performWorkOnRoot @ react-dom-client.development.js:14525
performSyncWorkOnRoot @ react-dom-client.development.js:16364
flushSyncWorkAcrossRoots_impl @ react-dom-client.development.js:16210
processRootScheduleInMicrotask @ react-dom-client.development.js:16249
(anonymous) @ react-dom-client.development.js:16383Understand this warning
formStore.ts:28 nextStep called! Current step: 3
overrideMethod @ hook.js:608
nextStep @ formStore.ts:28
EthnicityGrid.useEffect @ EthnicityGrid.tsx:79
react-stack-bottom-frame @ react-dom-client.development.js:23054
runWithFiberInDEV @ react-dom-client.development.js:844
commitHookEffectListMount @ react-dom-client.development.js:11977
commitHookPassiveMountEffects @ react-dom-client.development.js:12098
commitPassiveMountOnFiber @ react-dom-client.development.js:13928
recursivelyTraversePassiveMountEffects @ react-dom-client.development.js:13901
commitPassiveMountOnFiber @ react-dom-client.development.js:14047
recursivelyTraversePassiveMountEffects @ react-dom-client.development.js:13901
commitPassiveMountOnFiber @ react-dom-client.development.js:13921
recursivelyTraversePassiveMountEffects @ react-dom-client.development.js:13901
commitPassiveMountOnFiber @ react-dom-client.development.js:14047
recursivelyTraversePassiveMountEffects @ react-dom-client.development.js:13901
commitPassiveMountOnFiber @ react-dom-client.development.js:14047
recursivelyTraversePassiveMountEffects @ react-dom-client.development.js:13901
commitPassiveMountOnFiber @ react-dom-client.development.js:13921
recursivelyTraversePassiveMountEffects @ react-dom-client.development.js:13901
commitPassiveMountOnFiber @ react-dom-client.development.js:13921
recursivelyTraversePassiveMountEffects @ react-dom-client.development.js:13901
commitPassiveMountOnFiber @ react-dom-client.development.js:13921
recursivelyTraversePassiveMountEffects @ react-dom-client.development.js:13901
commitPassiveMountOnFiber @ react-dom-client.development.js:14047
recursivelyTraversePassiveMountEffects @ react-dom-client.development.js:13901
commitPassiveMountOnFiber @ react-dom-client.development.js:14047
recursivelyTraversePassiveMountEffects @ react-dom-client.development.js:13901
commitPassiveMountOnFiber @ react-dom-client.development.js:13921
recursivelyTraversePassiveMountEffects @ react-dom-client.development.js:13901
commitPassiveMountOnFiber @ react-dom-client.development.js:13931
recursivelyTraversePassiveMountEffects @ react-dom-client.development.js:13901
commitPassiveMountOnFiber @ react-dom-client.development.js:13921
recursivelyTraversePassiveMountEffects @ react-dom-client.development.js:13901
commitPassiveMountOnFiber @ react-dom-client.development.js:13931
recursivelyTraversePassiveMountEffects @ react-dom-client.development.js:13901
commitPassiveMountOnFiber @ react-dom-client.development.js:13921
recursivelyTraversePassiveMountEffects @ react-dom-client.development.js:13901
commitPassiveMountOnFiber @ react-dom-client.development.js:13921
recursivelyTraversePassiveMountEffects @ react-dom-client.development.js:13901
commitPassiveMountOnFiber @ react-dom-client.development.js:13921
recursivelyTraversePassiveMountEffects @ react-dom-client.development.js:13901
commitPassiveMountOnFiber @ react-dom-client.development.js:13931
recursivelyTraversePassiveMountEffects @ react-dom-client.development.js:13901
commitPassiveMountOnFiber @ react-dom-client.development.js:13921
recursivelyTraversePassiveMountEffects @ react-dom-client.development.js:13901
commitPassiveMountOnFiber @ react-dom-client.development.js:13921
recursivelyTraversePassiveMountEffects @ react-dom-client.development.js:13901
commitPassiveMountOnFiber @ react-dom-client.development.js:14047
recursivelyTraversePassiveMountEffects @ react-dom-client.development.js:13901
commitPassiveMountOnFiber @ react-dom-client.development.js:13921
recursivelyTraversePassiveMountEffects @ react-dom-client.development.js:13901
commitPassiveMountOnFiber @ react-dom-client.development.js:14047
recursivelyTraversePassiveMountEffects @ react-dom-client.development.js:13901
commitPassiveMountOnFiber @ react-dom-client.development.js:13921
recursivelyTraversePassiveMountEffects @ react-dom-client.development.js:13901
commitPassiveMountOnFiber @ react-dom-client.development.js:13921
recursivelyTraversePassiveMountEffects @ react-dom-client.development.js:13901
commitPassiveMountOnFiber @ react-dom-client.development.js:14047
recursivelyTraversePassiveMountEffects @ react-dom-client.development.js:13901
commitPassiveMountOnFiber @ react-dom-client.development.js:14047
recursivelyTraversePassiveMountEffects @ react-dom-client.development.js:13901
commitPassiveMountOnFiber @ react-dom-client.development.js:14047
recursivelyTraversePassiveMountEffects @ react-dom-client.development.js:13901
commitPassiveMountOnFiber @ react-dom-client.development.js:13931
recursivelyTraversePassiveMountEffects @ react-dom-client.development.js:13901
commitPassiveMountOnFiber @ react-dom-client.development.js:13921
recursivelyTraversePassiveMountEffects @ react-dom-client.development.js:13901
commitPassiveMountOnFiber @ react-dom-client.development.js:13931
recursivelyTraversePassiveMountEffects @ react-dom-client.development.js:13901
commitPassiveMountOnFiber @ react-dom-client.development.js:13921
recursivelyTraversePassiveMountEffects @ react-dom-client.development.js:13901
commitPassiveMountOnFiber @ react-dom-client.development.js:13921
recursivelyTraversePassiveMountEffects @ react-dom-client.development.js:13901
commitPassiveMountOnFiber @ react-dom-client.development.js:13931
recursivelyTraversePassiveMountEffects @ react-dom-client.development.js:13901
commitPassiveMountOnFiber @ react-dom-client.development.js:13921
recursivelyTraversePassiveMountEffects @ react-dom-client.development.js:13901
commitPassiveMountOnFiber @ react-dom-client.development.js:13921
recursivelyTraversePassiveMountEffects @ react-dom-client.development.js:13901
commitPassiveMountOnFiber @ react-dom-client.development.js:14047
recursivelyTraversePassiveMountEffects @ react-dom-client.development.js:13901
commitPassiveMountOnFiber @ react-dom-client.development.js:14047
recursivelyTraversePassiveMountEffects @ react-dom-client.development.js:13901
commitPassiveMountOnFiber @ react-dom-client.development.js:14047
recursivelyTraversePassiveMountEffects @ react-dom-client.development.js:13901
commitPassiveMountOnFiber @ react-dom-client.development.js:14047
recursivelyTraversePassiveMountEffects @ react-dom-client.development.js:13901
commitPassiveMountOnFiber @ react-dom-client.development.js:14047
recursivelyTraversePassiveMountEffects @ react-dom-client.development.js:13901
commitPassiveMountOnFiber @ react-dom-client.development.js:14047
recursivelyTraversePassiveMountEffects @ react-dom-client.development.js:13901
commitPassiveMountOnFiber @ react-dom-client.development.js:13921
recursivelyTraversePassiveMountEffects @ react-dom-client.development.js:13901
commitPassiveMountOnFiber @ react-dom-client.development.js:13931
recursivelyTraversePassiveMountEffects @ react-dom-client.development.js:13901
commitPassiveMountOnFiber @ react-dom-client.development.js:13921
recursivelyTraversePassiveMountEffects @ react-dom-client.development.js:13901
commitPassiveMountOnFiber @ react-dom-client.development.js:13921
recursivelyTraversePassiveMountEffects @ react-dom-client.development.js:13901
commitPassiveMountOnFiber @ react-dom-client.development.js:14047
recursivelyTraversePassiveMountEffects @ react-dom-client.development.js:13901
commitPassiveMountOnFiber @ react-dom-client.development.js:13921
recursivelyTraversePassiveMountEffects @ react-dom-client.development.js:13901
commitPassiveMountOnFiber @ react-dom-client.development.js:13921
recursivelyTraversePassiveMountEffects @ react-dom-client.development.js:13901
commitPassiveMountOnFiber @ react-dom-client.development.js:14047
recursivelyTraversePassiveMountEffects @ react-dom-client.development.js:13901
commitPassiveMountOnFiber @ react-dom-client.development.js:14047
recursivelyTraversePassiveMountEffects @ react-dom-client.development.js:13901
commitPassiveMountOnFiber @ react-dom-client.development.js:13940
flushPassiveEffects @ react-dom-client.development.js:15868
flushPendingEffects @ react-dom-client.development.js:15829
flushSpawnedWork @ react-dom-client.development.js:15795
commitRoot @ react-dom-client.development.js:15528
commitRootWhenReady @ react-dom-client.development.js:14758
performWorkOnRoot @ react-dom-client.development.js:14681
performSyncWorkOnRoot @ react-dom-client.development.js:16364
flushSyncWorkAcrossRoots_impl @ react-dom-client.development.js:16210
processRootScheduleInMicrotask @ react-dom-client.development.js:16249
(anonymous) @ react-dom-client.development.js:16383
<EthnicityGrid>
exports.jsxDEV @ react-jsx-dev-runtime.development.js:346
renderStep @ MultiStepForm.tsx:20
MultiStepForm @ MultiStepForm.tsx:44
react-stack-bottom-frame @ react-dom-client.development.js:22973
renderWithHooksAgain @ react-dom-client.development.js:6766
renderWithHooks @ react-dom-client.development.js:6678
updateFunctionComponent @ react-dom-client.development.js:8930
beginWork @ react-dom-client.development.js:10555
runWithFiberInDEV @ react-dom-client.development.js:844
performUnitOfWork @ react-dom-client.development.js:15257
workLoopSync @ react-dom-client.development.js:15077
renderRootSync @ react-dom-client.development.js:15057
performWorkOnRoot @ react-dom-client.development.js:14525
performSyncWorkOnRoot @ react-dom-client.development.js:16364
flushSyncWorkAcrossRoots_impl @ react-dom-client.development.js:16210
processRootScheduleInMicrotask @ react-dom-client.development.js:16249
(anonymous) @ react-dom-client.development.js:16383Understand this warning
EthnicityGrid.tsx:75 hasEthnicityColumn changed to: false
formStore.ts:28 nextStep called! Current step: 4